<?xml version="1.0" encoding="UTF-8"?>
<testsuite xmlns:xsi="http://www.w3.org/2001/XMLSchema-instance" xsi:noNamespaceSchemaLocation="https://maven.apache.org/surefire/maven-surefire-plugin/xsd/surefire-test-report-3.0.xsd" version="3.0" name="TestSuite" time="46.346" tests="1" errors="0" skipped="0" failures="0">
  <properties>
    <property name="sun.desktop" value="windows"/>
    <property name="awt.toolkit" value="sun.awt.windows.WToolkit"/>
    <property name="file.encoding.pkg" value="sun.io"/>
    <property name="java.specification.version" value="1.8"/>
    <property name="webdriver.chrome.driver" value="C:\Users\Destiny\Downloads\ChromeDriver\chromedriver_win32 (1) version83\chromedriver.exe"/>
    <property name="sun.cpu.isalist" value="amd64"/>
    <property name="sun.jnu.encoding" value="Cp1252"/>
    <property name="java.class.path" value="F:\Gauri\EclipseOxygen\EndToEndProject\target\test-classes;F:\Gauri\EclipseOxygen\EndToEndProject\target\classes;C:\Users\Destiny\.m2\repository\org\seleniumhq\selenium\selenium-java\4.0.0-alpha-5\selenium-java-4.0.0-alpha-5.jar;C:\Users\Destiny\.m2\repository\org\seleniumhq\selenium\selenium-api\4.0.0-alpha-5\selenium-api-4.0.0-alpha-5.jar;C:\Users\Destiny\.m2\repository\org\seleniumhq\selenium\selenium-chrome-driver\4.0.0-alpha-5\selenium-chrome-driver-4.0.0-alpha-5.jar;C:\Users\Destiny\.m2\repository\com\google\auto\service\auto-service-annotations\1.0-rc6\auto-service-annotations-1.0-rc6.jar;C:\Users\Destiny\.m2\repository\com\google\auto\service\auto-service\1.0-rc6\auto-service-1.0-rc6.jar;C:\Users\Destiny\.m2\repository\com\google\auto\auto-common\0.10\auto-common-0.10.jar;C:\Users\Destiny\.m2\repository\com\google\guava\guava\28.2-jre\guava-28.2-jre.jar;C:\Users\Destiny\.m2\repository\com\google\guava\failureaccess\1.0.1\failureaccess-1.0.1.jar;C:\Users\Destiny\.m2\repository\com\google\guava\listenablefuture\9999.0-empty-to-avoid-conflict-with-guava\listenablefuture-9999.0-empty-to-avoid-conflict-with-guava.jar;C:\Users\Destiny\.m2\repository\com\google\code\findbugs\jsr305\3.0.2\jsr305-3.0.2.jar;C:\Users\Destiny\.m2\repository\org\checkerframework\checker-qual\2.10.0\checker-qual-2.10.0.jar;C:\Users\Destiny\.m2\repository\com\google\errorprone\error_prone_annotations\2.3.4\error_prone_annotations-2.3.4.jar;C:\Users\Destiny\.m2\repository\com\google\j2objc\j2objc-annotations\1.3\j2objc-annotations-1.3.jar;C:\Users\Destiny\.m2\repository\org\seleniumhq\selenium\selenium-chromium-driver\4.0.0-alpha-5\selenium-chromium-driver-4.0.0-alpha-5.jar;C:\Users\Destiny\.m2\repository\org\seleniumhq\selenium\selenium-devtools\4.0.0-alpha-5\selenium-devtools-4.0.0-alpha-5.jar;C:\Users\Destiny\.m2\repository\org\seleniumhq\selenium\selenium-http\4.0.0-alpha-5\selenium-http-4.0.0-alpha-5.jar;C:\Users\Destiny\.m2\repository\org\seleniumhq\selenium\selenium-json\4.0.0-alpha-5\selenium-json-4.0.0-alpha-5.jar;C:\Users\Destiny\.m2\repository\org\seleniumhq\selenium\selenium-edge-driver\4.0.0-alpha-5\selenium-edge-driver-4.0.0-alpha-5.jar;C:\Users\Destiny\.m2\repository\org\seleniumhq\selenium\selenium-edgehtml-driver\4.0.0-alpha-5\selenium-edgehtml-driver-4.0.0-alpha-5.jar;C:\Users\Destiny\.m2\repository\org\seleniumhq\selenium\selenium-firefox-driver\4.0.0-alpha-5\selenium-firefox-driver-4.0.0-alpha-5.jar;C:\Users\Destiny\.m2\repository\org\seleniumhq\selenium\selenium-firefox-xpi-driver\4.0.0-alpha-5\selenium-firefox-xpi-driver-4.0.0-alpha-5.jar;C:\Users\Destiny\.m2\repository\org\seleniumhq\selenium\selenium-ie-driver\4.0.0-alpha-5\selenium-ie-driver-4.0.0-alpha-5.jar;C:\Users\Destiny\.m2\repository\org\seleniumhq\selenium\selenium-opera-driver\4.0.0-alpha-5\selenium-opera-driver-4.0.0-alpha-5.jar;C:\Users\Destiny\.m2\repository\org\seleniumhq\selenium\selenium-remote-driver\4.0.0-alpha-5\selenium-remote-driver-4.0.0-alpha-5.jar;C:\Users\Destiny\.m2\repository\com\squareup\okhttp3\okhttp\4.4.1\okhttp-4.4.1.jar;C:\Users\Destiny\.m2\repository\org\jetbrains\kotlin\kotlin-stdlib\1.3.61\kotlin-stdlib-1.3.61.jar;C:\Users\Destiny\.m2\repository\org\jetbrains\annotations\13.0\annotations-13.0.jar;C:\Users\Destiny\.m2\repository\com\squareup\okio\okio\2.4.3\okio-2.4.3.jar;C:\Users\Destiny\.m2\repository\org\jetbrains\kotlin\kotlin-stdlib-common\1.3.61\kotlin-stdlib-common-1.3.61.jar;C:\Users\Destiny\.m2\repository\com\typesafe\netty\netty-reactive-streams\2.0.4\netty-reactive-streams-2.0.4.jar;C:\Users\Destiny\.m2\repository\io\netty\netty-handler\4.1.43.Final\netty-handler-4.1.43.Final.jar;C:\Users\Destiny\.m2\repository\org\reactivestreams\reactive-streams\1.0.3\reactive-streams-1.0.3.jar;C:\Users\Destiny\.m2\repository\io\netty\netty-buffer\4.1.47.Final\netty-buffer-4.1.47.Final.jar;C:\Users\Destiny\.m2\repository\io\netty\netty-common\4.1.47.Final\netty-common-4.1.47.Final.jar;C:\Users\Destiny\.m2\repository\io\netty\netty-codec-http\4.1.47.Final\netty-codec-http-4.1.47.Final.jar;C:\Users\Destiny\.m2\repository\io\netty\netty-codec\4.1.47.Final\netty-codec-4.1.47.Final.jar;C:\Users\Destiny\.m2\repository\io\netty\netty-transport-native-epoll\4.1.47.Final\netty-transport-native-epoll-4.1.47.Final.jar;C:\Users\Destiny\.m2\repository\io\netty\netty-transport-native-epoll\4.1.47.Final\netty-transport-native-epoll-4.1.47.Final-linux-x86_64.jar;C:\Users\Destiny\.m2\repository\io\netty\netty-transport-native-kqueue\4.1.47.Final\netty-transport-native-kqueue-4.1.47.Final.jar;C:\Users\Destiny\.m2\repository\io\netty\netty-transport-native-kqueue\4.1.47.Final\netty-transport-native-kqueue-4.1.47.Final-osx-x86_64.jar;C:\Users\Destiny\.m2\repository\io\netty\netty-transport-native-unix-common\4.1.47.Final\netty-transport-native-unix-common-4.1.47.Final.jar;C:\Users\Destiny\.m2\repository\io\netty\netty-transport\4.1.47.Final\netty-transport-4.1.47.Final.jar;C:\Users\Destiny\.m2\repository\io\netty\netty-resolver\4.1.47.Final\netty-resolver-4.1.47.Final.jar;C:\Users\Destiny\.m2\repository\io\opentelemetry\opentelemetry-api\0.2.0\opentelemetry-api-0.2.0.jar;C:\Users\Destiny\.m2\repository\io\grpc\grpc-context\1.24.0\grpc-context-1.24.0.jar;C:\Users\Destiny\.m2\repository\net\bytebuddy\byte-buddy\1.10.8\byte-buddy-1.10.8.jar;C:\Users\Destiny\.m2\repository\org\apache\commons\commons-exec\1.3\commons-exec-1.3.jar;C:\Users\Destiny\.m2\repository\org\asynchttpclient\async-http-client\2.11.0\async-http-client-2.11.0.jar;C:\Users\Destiny\.m2\repository\org\asynchttpclient\async-http-client-netty-utils\2.11.0\async-http-client-netty-utils-2.11.0.jar;C:\Users\Destiny\.m2\repository\io\netty\netty-codec-socks\4.1.46.Final\netty-codec-socks-4.1.46.Final.jar;C:\Users\Destiny\.m2\repository\io\netty\netty-handler-proxy\4.1.46.Final\netty-handler-proxy-4.1.46.Final.jar;C:\Users\Destiny\.m2\repository\org\slf4j\slf4j-api\1.7.30\slf4j-api-1.7.30.jar;C:\Users\Destiny\.m2\repository\com\sun\activation\javax.activation\1.2.0\javax.activation-1.2.0.jar;C:\Users\Destiny\.m2\repository\org\seleniumhq\selenium\selenium-safari-driver\4.0.0-alpha-5\selenium-safari-driver-4.0.0-alpha-5.jar;C:\Users\Destiny\.m2\repository\org\seleniumhq\selenium\selenium-support\4.0.0-alpha-5\selenium-support-4.0.0-alpha-5.jar;C:\Users\Destiny\.m2\repository\org\testng\testng\6.14.3\testng-6.14.3.jar;C:\Users\Destiny\.m2\repository\com\beust\jcommander\1.72\jcommander-1.72.jar;C:\Users\Destiny\.m2\repository\org\apache-extras\beanshell\bsh\2.0b6\bsh-2.0b6.jar;C:\Users\Destiny\.m2\repository\org\apache\logging\log4j\log4j-core\2.13.2\log4j-core-2.13.2.jar;C:\Users\Destiny\.m2\repository\org\apache\logging\log4j\log4j-api\2.13.2\log4j-api-2.13.2.jar;C:\Users\Destiny\.m2\repository\info\cukes\cucumber-java\1.2.5\cucumber-java-1.2.5.jar;C:\Users\Destiny\.m2\repository\info\cukes\cucumber-core\1.2.5\cucumber-core-1.2.5.jar;C:\Users\Destiny\.m2\repository\info\cukes\cucumber-html\0.2.3\cucumber-html-0.2.3.jar;C:\Users\Destiny\.m2\repository\info\cukes\cucumber-jvm-deps\1.0.5\cucumber-jvm-deps-1.0.5.jar;C:\Users\Destiny\.m2\repository\info\cukes\gherkin\2.12.2\gherkin-2.12.2.jar;C:\Users\Destiny\.m2\repository\info\cukes\cucumber-junit\1.2.5\cucumber-junit-1.2.5.jar;C:\Users\Destiny\.m2\repository\info\cukes\cucumber-testng\1.2.5\cucumber-testng-1.2.5.jar;C:\Users\Destiny\.m2\repository\junit\junit\4.12\junit-4.12.jar;C:\Users\Destiny\.m2\repository\org\hamcrest\hamcrest-core\1.3\hamcrest-core-1.3.jar;"/>
    <property name="java.vm.vendor" value="Oracle Corporation"/>
    <property name="sun.arch.data.model" value="64"/>
    <property name="user.variant" value=""/>
    <property name="java.vendor.url" value="http://java.oracle.com/"/>
    <property name="user.timezone" value="Asia/Calcutta"/>
    <property name="java.vm.specification.version" value="1.8"/>
    <property name="os.name" value="Windows 7"/>
    <property name="user.country" value="US"/>
    <property name="sun.java.launcher" value="SUN_STANDARD"/>
    <property name="sun.boot.library.path" value="C:\Program Files\Java\jdk1.8.0_66\jre\bin"/>
    <property name="sun.java.command" value="C:\Users\Destiny\AppData\Local\Temp\surefire907038575168361144\surefirebooter6270242146265504386.jar C:\Users\Destiny\AppData\Local\Temp\surefire907038575168361144 2020-07-04T00-15-41_411-jvmRun1 surefire2280941029414308814tmp surefire_02501328398171335781tmp"/>
    <property name="surefire.test.class.path" value="F:\Gauri\EclipseOxygen\EndToEndProject\target\test-classes;F:\Gauri\EclipseOxygen\EndToEndProject\target\classes;C:\Users\Destiny\.m2\repository\org\seleniumhq\selenium\selenium-java\4.0.0-alpha-5\selenium-java-4.0.0-alpha-5.jar;C:\Users\Destiny\.m2\repository\org\seleniumhq\selenium\selenium-api\4.0.0-alpha-5\selenium-api-4.0.0-alpha-5.jar;C:\Users\Destiny\.m2\repository\org\seleniumhq\selenium\selenium-chrome-driver\4.0.0-alpha-5\selenium-chrome-driver-4.0.0-alpha-5.jar;C:\Users\Destiny\.m2\repository\com\google\auto\service\auto-service-annotations\1.0-rc6\auto-service-annotations-1.0-rc6.jar;C:\Users\Destiny\.m2\repository\com\google\auto\service\auto-service\1.0-rc6\auto-service-1.0-rc6.jar;C:\Users\Destiny\.m2\repository\com\google\auto\auto-common\0.10\auto-common-0.10.jar;C:\Users\Destiny\.m2\repository\com\google\guava\guava\28.2-jre\guava-28.2-jre.jar;C:\Users\Destiny\.m2\repository\com\google\guava\failureaccess\1.0.1\failureaccess-1.0.1.jar;C:\Users\Destiny\.m2\repository\com\google\guava\listenablefuture\9999.0-empty-to-avoid-conflict-with-guava\listenablefuture-9999.0-empty-to-avoid-conflict-with-guava.jar;C:\Users\Destiny\.m2\repository\com\google\code\findbugs\jsr305\3.0.2\jsr305-3.0.2.jar;C:\Users\Destiny\.m2\repository\org\checkerframework\checker-qual\2.10.0\checker-qual-2.10.0.jar;C:\Users\Destiny\.m2\repository\com\google\errorprone\error_prone_annotations\2.3.4\error_prone_annotations-2.3.4.jar;C:\Users\Destiny\.m2\repository\com\google\j2objc\j2objc-annotations\1.3\j2objc-annotations-1.3.jar;C:\Users\Destiny\.m2\repository\org\seleniumhq\selenium\selenium-chromium-driver\4.0.0-alpha-5\selenium-chromium-driver-4.0.0-alpha-5.jar;C:\Users\Destiny\.m2\repository\org\seleniumhq\selenium\selenium-devtools\4.0.0-alpha-5\selenium-devtools-4.0.0-alpha-5.jar;C:\Users\Destiny\.m2\repository\org\seleniumhq\selenium\selenium-http\4.0.0-alpha-5\selenium-http-4.0.0-alpha-5.jar;C:\Users\Destiny\.m2\repository\org\seleniumhq\selenium\selenium-json\4.0.0-alpha-5\selenium-json-4.0.0-alpha-5.jar;C:\Users\Destiny\.m2\repository\org\seleniumhq\selenium\selenium-edge-driver\4.0.0-alpha-5\selenium-edge-driver-4.0.0-alpha-5.jar;C:\Users\Destiny\.m2\repository\org\seleniumhq\selenium\selenium-edgehtml-driver\4.0.0-alpha-5\selenium-edgehtml-driver-4.0.0-alpha-5.jar;C:\Users\Destiny\.m2\repository\org\seleniumhq\selenium\selenium-firefox-driver\4.0.0-alpha-5\selenium-firefox-driver-4.0.0-alpha-5.jar;C:\Users\Destiny\.m2\repository\org\seleniumhq\selenium\selenium-firefox-xpi-driver\4.0.0-alpha-5\selenium-firefox-xpi-driver-4.0.0-alpha-5.jar;C:\Users\Destiny\.m2\repository\org\seleniumhq\selenium\selenium-ie-driver\4.0.0-alpha-5\selenium-ie-driver-4.0.0-alpha-5.jar;C:\Users\Destiny\.m2\repository\org\seleniumhq\selenium\selenium-opera-driver\4.0.0-alpha-5\selenium-opera-driver-4.0.0-alpha-5.jar;C:\Users\Destiny\.m2\repository\org\seleniumhq\selenium\selenium-remote-driver\4.0.0-alpha-5\selenium-remote-driver-4.0.0-alpha-5.jar;C:\Users\Destiny\.m2\repository\com\squareup\okhttp3\okhttp\4.4.1\okhttp-4.4.1.jar;C:\Users\Destiny\.m2\repository\org\jetbrains\kotlin\kotlin-stdlib\1.3.61\kotlin-stdlib-1.3.61.jar;C:\Users\Destiny\.m2\repository\org\jetbrains\annotations\13.0\annotations-13.0.jar;C:\Users\Destiny\.m2\repository\com\squareup\okio\okio\2.4.3\okio-2.4.3.jar;C:\Users\Destiny\.m2\repository\org\jetbrains\kotlin\kotlin-stdlib-common\1.3.61\kotlin-stdlib-common-1.3.61.jar;C:\Users\Destiny\.m2\repository\com\typesafe\netty\netty-reactive-streams\2.0.4\netty-reactive-streams-2.0.4.jar;C:\Users\Destiny\.m2\repository\io\netty\netty-handler\4.1.43.Final\netty-handler-4.1.43.Final.jar;C:\Users\Destiny\.m2\repository\org\reactivestreams\reactive-streams\1.0.3\reactive-streams-1.0.3.jar;C:\Users\Destiny\.m2\repository\io\netty\netty-buffer\4.1.47.Final\netty-buffer-4.1.47.Final.jar;C:\Users\Destiny\.m2\repository\io\netty\netty-common\4.1.47.Final\netty-common-4.1.47.Final.jar;C:\Users\Destiny\.m2\repository\io\netty\netty-codec-http\4.1.47.Final\netty-codec-http-4.1.47.Final.jar;C:\Users\Destiny\.m2\repository\io\netty\netty-codec\4.1.47.Final\netty-codec-4.1.47.Final.jar;C:\Users\Destiny\.m2\repository\io\netty\netty-transport-native-epoll\4.1.47.Final\netty-transport-native-epoll-4.1.47.Final.jar;C:\Users\Destiny\.m2\repository\io\netty\netty-transport-native-epoll\4.1.47.Final\netty-transport-native-epoll-4.1.47.Final-linux-x86_64.jar;C:\Users\Destiny\.m2\repository\io\netty\netty-transport-native-kqueue\4.1.47.Final\netty-transport-native-kqueue-4.1.47.Final.jar;C:\Users\Destiny\.m2\repository\io\netty\netty-transport-native-kqueue\4.1.47.Final\netty-transport-native-kqueue-4.1.47.Final-osx-x86_64.jar;C:\Users\Destiny\.m2\repository\io\netty\netty-transport-native-unix-common\4.1.47.Final\netty-transport-native-unix-common-4.1.47.Final.jar;C:\Users\Destiny\.m2\repository\io\netty\netty-transport\4.1.47.Final\netty-transport-4.1.47.Final.jar;C:\Users\Destiny\.m2\repository\io\netty\netty-resolver\4.1.47.Final\netty-resolver-4.1.47.Final.jar;C:\Users\Destiny\.m2\repository\io\opentelemetry\opentelemetry-api\0.2.0\opentelemetry-api-0.2.0.jar;C:\Users\Destiny\.m2\repository\io\grpc\grpc-context\1.24.0\grpc-context-1.24.0.jar;C:\Users\Destiny\.m2\repository\net\bytebuddy\byte-buddy\1.10.8\byte-buddy-1.10.8.jar;C:\Users\Destiny\.m2\repository\org\apache\commons\commons-exec\1.3\commons-exec-1.3.jar;C:\Users\Destiny\.m2\repository\org\asynchttpclient\async-http-client\2.11.0\async-http-client-2.11.0.jar;C:\Users\Destiny\.m2\repository\org\asynchttpclient\async-http-client-netty-utils\2.11.0\async-http-client-netty-utils-2.11.0.jar;C:\Users\Destiny\.m2\repository\io\netty\netty-codec-socks\4.1.46.Final\netty-codec-socks-4.1.46.Final.jar;C:\Users\Destiny\.m2\repository\io\netty\netty-handler-proxy\4.1.46.Final\netty-handler-proxy-4.1.46.Final.jar;C:\Users\Destiny\.m2\repository\org\slf4j\slf4j-api\1.7.30\slf4j-api-1.7.30.jar;C:\Users\Destiny\.m2\repository\com\sun\activation\javax.activation\1.2.0\javax.activation-1.2.0.jar;C:\Users\Destiny\.m2\repository\org\seleniumhq\selenium\selenium-safari-driver\4.0.0-alpha-5\selenium-safari-driver-4.0.0-alpha-5.jar;C:\Users\Destiny\.m2\repository\org\seleniumhq\selenium\selenium-support\4.0.0-alpha-5\selenium-support-4.0.0-alpha-5.jar;C:\Users\Destiny\.m2\repository\org\testng\testng\6.14.3\testng-6.14.3.jar;C:\Users\Destiny\.m2\repository\com\beust\jcommander\1.72\jcommander-1.72.jar;C:\Users\Destiny\.m2\repository\org\apache-extras\beanshell\bsh\2.0b6\bsh-2.0b6.jar;C:\Users\Destiny\.m2\repository\org\apache\logging\log4j\log4j-core\2.13.2\log4j-core-2.13.2.jar;C:\Users\Destiny\.m2\repository\org\apache\logging\log4j\log4j-api\2.13.2\log4j-api-2.13.2.jar;C:\Users\Destiny\.m2\repository\info\cukes\cucumber-java\1.2.5\cucumber-java-1.2.5.jar;C:\Users\Destiny\.m2\repository\info\cukes\cucumber-core\1.2.5\cucumber-core-1.2.5.jar;C:\Users\Destiny\.m2\repository\info\cukes\cucumber-html\0.2.3\cucumber-html-0.2.3.jar;C:\Users\Destiny\.m2\repository\info\cukes\cucumber-jvm-deps\1.0.5\cucumber-jvm-deps-1.0.5.jar;C:\Users\Destiny\.m2\repository\info\cukes\gherkin\2.12.2\gherkin-2.12.2.jar;C:\Users\Destiny\.m2\repository\info\cukes\cucumber-junit\1.2.5\cucumber-junit-1.2.5.jar;C:\Users\Destiny\.m2\repository\info\cukes\cucumber-testng\1.2.5\cucumber-testng-1.2.5.jar;C:\Users\Destiny\.m2\repository\junit\junit\4.12\junit-4.12.jar;C:\Users\Destiny\.m2\repository\org\hamcrest\hamcrest-core\1.3\hamcrest-core-1.3.jar;"/>
    <property name="sun.cpu.endian" value="little"/>
    <property name="user.home" value="C:\Users\Destiny"/>
    <property name="user.language" value="en"/>
    <property name="java.specification.vendor" value="Oracle Corporation"/>
    <property name="java.home" value="C:\Program Files\Java\jdk1.8.0_66\jre"/>
    <property name="basedir" value="F:\Gauri\EclipseOxygen\EndToEndProject"/>
    <property name="file.separator" value="\"/>
    <property name="line.separator" value="&#10;"/>
    <property name="java.vm.specification.vendor" value="Oracle Corporation"/>
    <property name="java.specification.name" value="Java Platform API Specification"/>
    <property name="java.awt.graphicsenv" value="sun.awt.Win32GraphicsEnvironment"/>
    <property name="surefire.real.class.path" value="C:\Users\Destiny\AppData\Local\Temp\surefire907038575168361144\surefirebooter6270242146265504386.jar"/>
    <property name="sun.boot.class.path" value="C:\Program Files\Java\jdk1.8.0_66\jre\lib\resources.jar;C:\Program Files\Java\jdk1.8.0_66\jre\lib\rt.jar;C:\Program Files\Java\jdk1.8.0_66\jre\lib\sunrsasign.jar;C:\Program Files\Java\jdk1.8.0_66\jre\lib\jsse.jar;C:\Program Files\Java\jdk1.8.0_66\jre\lib\jce.jar;C:\Program Files\Java\jdk1.8.0_66\jre\lib\charsets.jar;C:\Program Files\Java\jdk1.8.0_66\jre\lib\jfr.jar;C:\Program Files\Java\jdk1.8.0_66\jre\classes"/>
    <property name="user.script" value=""/>
    <property name="sun.management.compiler" value="HotSpot 64-Bit Tiered Compilers"/>
    <property name="java.runtime.version" value="1.8.0_66-b17"/>
    <property name="user.name" value="Destiny"/>
    <property name="path.separator" value=";"/>
    <property name="os.version" value="6.1"/>
    <property name="java.endorsed.dirs" value="C:\Program Files\Java\jdk1.8.0_66\jre\lib\endorsed"/>
    <property name="java.runtime.name" value="Java(TM) SE Runtime Environment"/>
    <property name="file.encoding" value="Cp1252"/>
    <property name="sun.nio.ch.bugLevel" value=""/>
    <property name="java.vm.name" value="Java HotSpot(TM) 64-Bit Server VM"/>
    <property name="localRepository" value="C:\Users\Destiny\.m2\repository"/>
    <property name="java.vendor.url.bug" value="http://bugreport.sun.com/bugreport/"/>
    <property name="java.io.tmpdir" value="C:\Users\Destiny\AppData\Local\Temp\"/>
    <property name="java.version" value="1.8.0_66"/>
    <property name="user.dir" value="F:\Gauri\EclipseOxygen\EndToEndProject"/>
    <property name="os.arch" value="amd64"/>
    <property name="java.vm.specification.name" value="Java Virtual Machine Specification"/>
    <property name="java.awt.printerjob" value="sun.awt.windows.WPrinterJob"/>
    <property name="sun.os.patch.level" value="Service Pack 1"/>
    <property name="java.library.path" value="C:\Program Files\Java\jdk1.8.0_66\jre\bin;C:\Windows\Sun\Java\bin;C:\Windows\system32;C:\Windows;C:/Program Files/Java/jdk1.8.0_66/bin/../jre/bin/server;C:/Program Files/Java/jdk1.8.0_66/bin/../jre/bin;C:/Program Files/Java/jdk1.8.0_66/bin/../jre/lib/amd64;C:\Program Files\Java\jdk1.8.0_66\bin;C:\Users\Destiny\Downloads\apache-maven-3.6.3-bin\apache-maven-3.6.3\bin;C:\Users\Destiny\Downloads\eclipse-committers-oxygen-3a-win32-x86_64\eclipse;;."/>
    <property name="java.vm.info" value="mixed mode"/>
    <property name="java.vendor" value="Oracle Corporation"/>
    <property name="java.vm.version" value="25.66-b17"/>
    <property name="java.ext.dirs" value="C:\Program Files\Java\jdk1.8.0_66\jre\lib\ext;C:\Windows\Sun\Java\lib\ext"/>
    <property name="sun.io.unicode.encoding" value="UnicodeLittle"/>
    <property name="java.class.version" value="52.0"/>
  </properties>
  <testcase name="feature" classname="cucumberOptions.testRunner" time="44.976"/>
</testsuite>