<?xml version="1.0" encoding="UTF-8"?>
<!-- Generated by org.testng.reporters.JUnitReportReporter -->
<testsuite skipped="0" hostname="Destiny-PC" name="SeleniumTotalTrial.HomePage" tests="2" failures="0" timestamp="03 Jul 2020 07:12:42 GMT" time="67.028" errors="0">
  <testcase name="basePageNavigation" time="27.770" classname="SeleniumTotalTrial.HomePage"/>
  <testcase name="basePageNavigation" time="39.258" classname="SeleniumTotalTrial.HomePage"/>
</testsuite> <!-- SeleniumTotalTrial.HomePage -->
