<?xml version="1.0" encoding="UTF-8"?>
<!-- Generated by org.testng.reporters.JUnitReportReporter -->
<testsuite skipped="0" hostname="Destiny-PC" name="SeleniumTotalTrial.ValidateNavBar" tests="1" failures="0" timestamp="03 Jul 2020 07:12:42 GMT" time="0.232" errors="0">
  <testcase name="basePageNavigation" time="0.232" classname="SeleniumTotalTrial.ValidateNavBar"/>
</testsuite> <!-- SeleniumTotalTrial.ValidateNavBar -->
