<?xml version="1.0" encoding="UTF-8"?>
<!-- Generated by org.testng.reporters.JUnitReportReporter -->
<testsuite skipped="0" hostname="Destiny-PC" name="SeleniumTotalTrial.ValidateNavBar" tests="1" failures="0" timestamp="06 May 2020 19:42:42 GMT" time="0.097" errors="0">
  <testcase name="basePageNavigation" time="0.097" classname="SeleniumTotalTrial.ValidateNavBar"/>
</testsuite> <!-- SeleniumTotalTrial.ValidateNavBar -->
