<?xml version="1.0" encoding="UTF-8"?>
<!-- Generated by org.testng.reporters.JUnitReportReporter -->
<testsuite skipped="0" hostname="Destiny-PC" name="cucumberOptions.testRunner" tests="1" failures="0" timestamp="03 Jul 2020 18:46:29 GMT" time="44.972" errors="0">
  <testcase name="feature" time="44.972" classname="cucumberOptions.testRunner"/>
</testsuite> <!-- cucumberOptions.testRunner -->
